[0.012s] Invoking command in '/home/monolith/Desktop/robocup/build/main_package': CMAKE_PREFIX_PATH=${CMAKE_PREFIX_PATH}:/opt/ros/humble /usr/bin/cmake /home/monolith/Desktop/robocup/src/main_package -DAMENT_CMAKE_SYMLINK_INSTALL=1 -DCMAKE_INSTALL_PREFIX=/home/monolith/Desktop/robocup/install/main_package
[0.028s] -- Found ament_cmake: 1.3.10 (/opt/ros/humble/share/ament_cmake/cmake)
[0.118s] -- Override CMake install command with custom implementation using symlinks instead of copying resources
[0.132s] -- Found ament_lint_auto: 0.12.11 (/opt/ros/humble/share/ament_lint_auto/cmake)
[0.277s] -- Added test 'copyright' to check source files copyright and LICENSE
[0.293s] -- Added test 'flake8' to check Python code syntax and style conventions
[0.305s] -- Added test 'lint_cmake' to check CMake code style
[0.305s] -- Added test 'pep257' to check Python code against some of the docstring style conventions in PEP 257
[0.307s] -- Added test 'xmllint' to check XML markup files
[0.310s] -- Configuring done
[0.314s] -- Generating done
[0.316s] -- Build files have been written to: /home/monolith/Desktop/robocup/build/main_package
[0.319s] Invoked command in '/home/monolith/Desktop/robocup/build/main_package' returned '0': CMAKE_PREFIX_PATH=${CMAKE_PREFIX_PATH}:/opt/ros/humble /usr/bin/cmake /home/monolith/Desktop/robocup/src/main_package -DAMENT_CMAKE_SYMLINK_INSTALL=1 -DCMAKE_INSTALL_PREFIX=/home/monolith/Desktop/robocup/install/main_package
[0.320s] Invoking command in '/home/monolith/Desktop/robocup/build/main_package': CMAKE_PREFIX_PATH=${CMAKE_PREFIX_PATH}:/opt/ros/humble /usr/bin/cmake --build /home/monolith/Desktop/robocup/build/main_package -- -j3 -l3
[0.351s] Invoked command in '/home/monolith/Desktop/robocup/build/main_package' returned '0': CMAKE_PREFIX_PATH=${CMAKE_PREFIX_PATH}:/opt/ros/humble /usr/bin/cmake --build /home/monolith/Desktop/robocup/build/main_package -- -j3 -l3
[0.454s] Invoking command in '/home/monolith/Desktop/robocup/build/main_package': CMAKE_PREFIX_PATH=${CMAKE_PREFIX_PATH}:/opt/ros/humble /usr/bin/cmake --install /home/monolith/Desktop/robocup/build/main_package
[0.467s] -- Install configuration: ""
[0.468s] -- Execute custom install script
[0.468s] -- Symlinking: /home/monolith/Desktop/robocup/install/main_package/share/main_package/config/empty.yaml
[0.495s] -- Symlinking: /home/monolith/Desktop/robocup/install/main_package/share/main_package/description/robot.urdf.xacro
[0.505s] -- Symlinking: /home/monolith/Desktop/robocup/install/main_package/share/main_package/launch/rsp.launch.py
[0.513s] -- Symlinking: /home/monolith/Desktop/robocup/install/main_package/share/main_package/worlds/empty.world
[0.531s] -- Symlinking: /home/monolith/Desktop/robocup/install/main_package/share/ament_index/resource_index/package_run_dependencies/main_package
[0.540s] -- Symlinking: /home/monolith/Desktop/robocup/install/main_package/share/ament_index/resource_index/parent_prefix_path/main_package
[0.545s] -- Symlinking: /home/monolith/Desktop/robocup/install/main_package/share/main_package/environment/ament_prefix_path.sh
[0.553s] -- Symlinking: /home/monolith/Desktop/robocup/install/main_package/share/main_package/environment/ament_prefix_path.dsv
[0.568s] -- Symlinking: /home/monolith/Desktop/robocup/install/main_package/share/main_package/environment/path.sh
[0.572s] -- Symlinking: /home/monolith/Desktop/robocup/install/main_package/share/main_package/environment/path.dsv
[0.588s] -- Symlinking: /home/monolith/Desktop/robocup/install/main_package/share/main_package/local_setup.bash
[0.615s] -- Symlinking: /home/monolith/Desktop/robocup/install/main_package/share/main_package/local_setup.sh
[0.628s] -- Symlinking: /home/monolith/Desktop/robocup/install/main_package/share/main_package/local_setup.zsh
[0.653s] -- Symlinking: /home/monolith/Desktop/robocup/install/main_package/share/main_package/local_setup.dsv
[0.676s] -- Symlinking: /home/monolith/Desktop/robocup/install/main_package/share/main_package/package.dsv
[0.696s] -- Symlinking: /home/monolith/Desktop/robocup/install/main_package/share/ament_index/resource_index/packages/main_package
[0.707s] -- Symlinking: /home/monolith/Desktop/robocup/install/main_package/share/main_package/cmake/main_packageConfig.cmake
[0.722s] -- Symlinking: /home/monolith/Desktop/robocup/install/main_package/share/main_package/cmake/main_packageConfig-version.cmake
[0.769s] -- Symlinking: /home/monolith/Desktop/robocup/install/main_package/share/main_package/package.xml
[0.799s] Invoked command in '/home/monolith/Desktop/robocup/build/main_package' returned '0': CMAKE_PREFIX_PATH=${CMAKE_PREFIX_PATH}:/opt/ros/humble /usr/bin/cmake --install /home/monolith/Desktop/robocup/build/main_package
