[0.010s] Invoking command in '/home/monolith/Desktop/robocup/build/main_package': CMAKE_PREFIX_PATH=${CMAKE_PREFIX_PATH}:/opt/ros/humble /usr/bin/cmake --build /home/monolith/Desktop/robocup/build/main_package -- -j3 -l3
[0.063s] Invoked command in '/home/monolith/Desktop/robocup/build/main_package' returned '0': CMAKE_PREFIX_PATH=${CMAKE_PREFIX_PATH}:/opt/ros/humble /usr/bin/cmake --build /home/monolith/Desktop/robocup/build/main_package -- -j3 -l3
[0.115s] Invoking command in '/home/monolith/Desktop/robocup/build/main_package': CMAKE_PREFIX_PATH=${CMAKE_PREFIX_PATH}:/opt/ros/humble /usr/bin/cmake --install /home/monolith/Desktop/robocup/build/main_package
[0.120s] -- Install configuration: ""
[0.121s] -- Execute custom install script
[0.121s] -- Up-to-date symlink: /home/monolith/Desktop/robocup/install/main_package/share/main_package/config/empty.yaml
[0.122s] -- Up-to-date symlink: /home/monolith/Desktop/robocup/install/main_package/share/main_package/description/gazebo_control.xacro
[0.122s] -- Up-to-date symlink: /home/monolith/Desktop/robocup/install/main_package/share/main_package/description/inertial_macros.xacro
[0.122s] -- Up-to-date symlink: /home/monolith/Desktop/robocup/install/main_package/share/main_package/description/materials.xacro
[0.122s] -- Up-to-date symlink: /home/monolith/Desktop/robocup/install/main_package/share/main_package/description/robot.urdf.xacro
[0.122s] -- Up-to-date symlink: /home/monolith/Desktop/robocup/install/main_package/share/main_package/description/robot_core.xacro
[0.122s] -- Up-to-date symlink: /home/monolith/Desktop/robocup/install/main_package/share/main_package/launch/launch_sim.launch.py
[0.122s] -- Up-to-date symlink: /home/monolith/Desktop/robocup/install/main_package/share/main_package/launch/rsp.launch.py
[0.122s] -- Up-to-date symlink: /home/monolith/Desktop/robocup/install/main_package/share/main_package/worlds/empty.world
[0.122s] -- Up-to-date symlink: /home/monolith/Desktop/robocup/install/main_package/share/ament_index/resource_index/package_run_dependencies/main_package
[0.122s] -- Up-to-date symlink: /home/monolith/Desktop/robocup/install/main_package/share/ament_index/resource_index/parent_prefix_path/main_package
[0.122s] -- Up-to-date symlink: /home/monolith/Desktop/robocup/install/main_package/share/main_package/environment/ament_prefix_path.sh
[0.122s] -- Up-to-date symlink: /home/monolith/Desktop/robocup/install/main_package/share/main_package/environment/ament_prefix_path.dsv
[0.122s] -- Up-to-date symlink: /home/monolith/Desktop/robocup/install/main_package/share/main_package/environment/path.sh
[0.123s] -- Up-to-date symlink: /home/monolith/Desktop/robocup/install/main_package/share/main_package/environment/path.dsv
[0.123s] -- Up-to-date symlink: /home/monolith/Desktop/robocup/install/main_package/share/main_package/local_setup.bash
[0.123s] -- Up-to-date symlink: /home/monolith/Desktop/robocup/install/main_package/share/main_package/local_setup.sh
[0.123s] -- Up-to-date symlink: /home/monolith/Desktop/robocup/install/main_package/share/main_package/local_setup.zsh
[0.123s] -- Up-to-date symlink: /home/monolith/Desktop/robocup/install/main_package/share/main_package/local_setup.dsv
[0.123s] -- Symlinking: /home/monolith/Desktop/robocup/install/main_package/share/main_package/package.dsv
[0.155s] -- Up-to-date symlink: /home/monolith/Desktop/robocup/install/main_package/share/ament_index/resource_index/packages/main_package
[0.155s] -- Up-to-date symlink: /home/monolith/Desktop/robocup/install/main_package/share/main_package/cmake/main_packageConfig.cmake
[0.155s] -- Up-to-date symlink: /home/monolith/Desktop/robocup/install/main_package/share/main_package/cmake/main_packageConfig-version.cmake
[0.155s] -- Up-to-date symlink: /home/monolith/Desktop/robocup/install/main_package/share/main_package/package.xml
[0.159s] Invoked command in '/home/monolith/Desktop/robocup/build/main_package' returned '0': CMAKE_PREFIX_PATH=${CMAKE_PREFIX_PATH}:/opt/ros/humble /usr/bin/cmake --install /home/monolith/Desktop/robocup/build/main_package
