[0.024s] Invoking command in '/home/monolith/Desktop/robocup/build/main_package': CMAKE_PREFIX_PATH=${CMAKE_PREFIX_PATH}:/opt/ros/humble /usr/bin/cmake --build /home/monolith/Desktop/robocup/build/main_package -- -j3 -l3
[0.111s] Invoked command in '/home/monolith/Desktop/robocup/build/main_package' returned '0': CMAKE_PREFIX_PATH=${CMAKE_PREFIX_PATH}:/opt/ros/humble /usr/bin/cmake --build /home/monolith/Desktop/robocup/build/main_package -- -j3 -l3
[0.182s] Invoking command in '/home/monolith/Desktop/robocup/build/main_package': CMAKE_PREFIX_PATH=${CMAKE_PREFIX_PATH}:/opt/ros/humble /usr/bin/cmake --install /home/monolith/Desktop/robocup/build/main_package
[0.189s] -- Install configuration: ""
[0.191s] -- Execute custom install script
[0.192s] -- Up-to-date symlink: /home/monolith/Desktop/robocup/install/main_package/share/main_package/config/empty.yaml
[0.193s] -- Up-to-date symlink: /home/monolith/Desktop/robocup/install/main_package/share/main_package/description/gazebo_control.xacro
[0.193s] -- Up-to-date symlink: /home/monolith/Desktop/robocup/install/main_package/share/main_package/description/inertial_macros.xacro
[0.193s] -- Up-to-date symlink: /home/monolith/Desktop/robocup/install/main_package/share/main_package/description/materials.xacro
[0.193s] -- Up-to-date symlink: /home/monolith/Desktop/robocup/install/main_package/share/main_package/description/robot.urdf.xacro
[0.193s] -- Up-to-date symlink: /home/monolith/Desktop/robocup/install/main_package/share/main_package/description/robot_core.xacro
[0.193s] -- Up-to-date symlink: /home/monolith/Desktop/robocup/install/main_package/share/main_package/launch/launch_sim.launch.py
[0.194s] -- Up-to-date symlink: /home/monolith/Desktop/robocup/install/main_package/share/main_package/launch/rsp.launch.py
[0.194s] -- Up-to-date symlink: /home/monolith/Desktop/robocup/install/main_package/share/main_package/worlds/empty.world
[0.194s] -- Up-to-date symlink: /home/monolith/Desktop/robocup/install/main_package/share/ament_index/resource_index/package_run_dependencies/main_package
[0.194s] -- Up-to-date symlink: /home/monolith/Desktop/robocup/install/main_package/share/ament_index/resource_index/parent_prefix_path/main_package
[0.195s] -- Up-to-date symlink: /home/monolith/Desktop/robocup/install/main_package/share/main_package/environment/ament_prefix_path.sh
[0.195s] -- Up-to-date symlink: /home/monolith/Desktop/robocup/install/main_package/share/main_package/environment/ament_prefix_path.dsv
[0.195s] -- Up-to-date symlink: /home/monolith/Desktop/robocup/install/main_package/share/main_package/environment/path.sh
[0.195s] -- Up-to-date symlink: /home/monolith/Desktop/robocup/install/main_package/share/main_package/environment/path.dsv
[0.195s] -- Up-to-date symlink: /home/monolith/Desktop/robocup/install/main_package/share/main_package/local_setup.bash
[0.195s] -- Up-to-date symlink: /home/monolith/Desktop/robocup/install/main_package/share/main_package/local_setup.sh
[0.195s] -- Up-to-date symlink: /home/monolith/Desktop/robocup/install/main_package/share/main_package/local_setup.zsh
[0.195s] -- Up-to-date symlink: /home/monolith/Desktop/robocup/install/main_package/share/main_package/local_setup.dsv
[0.197s] -- Symlinking: /home/monolith/Desktop/robocup/install/main_package/share/main_package/package.dsv
[0.201s] -- Up-to-date symlink: /home/monolith/Desktop/robocup/install/main_package/share/ament_index/resource_index/packages/main_package
[0.202s] -- Up-to-date symlink: /home/monolith/Desktop/robocup/install/main_package/share/main_package/cmake/main_packageConfig.cmake
[0.202s] -- Up-to-date symlink: /home/monolith/Desktop/robocup/install/main_package/share/main_package/cmake/main_packageConfig-version.cmake
[0.202s] -- Up-to-date symlink: /home/monolith/Desktop/robocup/install/main_package/share/main_package/package.xml
[0.204s] Invoked command in '/home/monolith/Desktop/robocup/build/main_package' returned '0': CMAKE_PREFIX_PATH=${CMAKE_PREFIX_PATH}:/opt/ros/humble /usr/bin/cmake --install /home/monolith/Desktop/robocup/build/main_package
