[0.009s] Invoking command in '/home/monolith/Desktop/robocup/build/main_package': CMAKE_PREFIX_PATH=${CMAKE_PREFIX_PATH}:/opt/ros/humble /usr/bin/cmake /home/monolith/Desktop/robocup/src/main_package -DAMENT_CMAKE_SYMLINK_INSTALL=1 -DCMAKE_INSTALL_PREFIX=/home/monolith/Desktop/robocup/install/main_package
[0.197s] -- The C compiler identification is GNU 11.4.0
[0.425s] -- The CXX compiler identification is GNU 11.4.0
[0.450s] -- Detecting C compiler ABI info
[0.570s] -- Detecting C compiler ABI info - done
[0.572s] -- Check for working C compiler: /usr/bin/cc - skipped
[0.572s] -- Detecting C compile features
[0.573s] -- Detecting C compile features - done
[0.584s] -- Detecting CXX compiler ABI info
[0.669s] -- Detecting CXX compiler ABI info - done
[0.669s] -- Check for working CXX compiler: /usr/bin/c++ - skipped
[0.669s] -- Detecting CXX compile features
[0.670s] -- Detecting CXX compile features - done
[0.688s] -- Found ament_cmake: 1.3.10 (/opt/ros/humble/share/ament_cmake/cmake)
[0.900s] -- Found Python3: /usr/bin/python3 (found version "3.10.12") found components: Interpreter 
[0.949s] -- Override CMake install command with custom implementation using symlinks instead of copying resources
[1.016s] -- Found ament_lint_auto: 0.12.11 (/opt/ros/humble/share/ament_lint_auto/cmake)
[1.049s] [31mCMake Error at /opt/ros/humble/share/ament_cmake_core/cmake/core/ament_package_xml.cmake:53 (message):
[1.049s]   ament_package_xml() package name 'main_package' in '/package.xml' does not
[1.049s]   match current PROJECT_NAME 'my_bot'.  You must call project() with the same
[1.049s]   package name before.
[1.049s] Call Stack (most recent call first):
[1.049s]   /opt/ros/humble/share/ament_lint_auto/cmake/ament_lint_auto_find_test_dependencies.cmake:31 (ament_package_xml)
[1.049s]   CMakeLists.txt:32 (ament_lint_auto_find_test_dependencies)
[1.049s] 
[1.049s] [0m
[1.050s] -- Configuring incomplete, errors occurred!
[1.050s] See also "/home/monolith/Desktop/robocup/build/main_package/CMakeFiles/CMakeOutput.log".
[1.054s] Invoked command in '/home/monolith/Desktop/robocup/build/main_package' returned '1': CMAKE_PREFIX_PATH=${CMAKE_PREFIX_PATH}:/opt/ros/humble /usr/bin/cmake /home/monolith/Desktop/robocup/src/main_package -DAMENT_CMAKE_SYMLINK_INSTALL=1 -DCMAKE_INSTALL_PREFIX=/home/monolith/Desktop/robocup/install/main_package
